<?xml version="1.0" encoding="UTF-8"?>
<testsuite xmlns:xsi="http://www.w3.org/2001/XMLSchema-instance" xsi:noNamespaceSchemaLocation="https://maven.apache.org/surefire/maven-surefire-plugin/xsd/surefire-test-report.xsd" name="edu.vn.rmit.problem4.CanJoinProjectTest" time="0.002" tests="2" errors="0" skipped="0" failures="0">
  <properties>
    <property name="java.specification.version" value="16"/>
    <property name="sun.cpu.isalist" value="amd64"/>
    <property name="sun.jnu.encoding" value="Cp1252"/>
    <property name="java.class.path" value="c:\Users\v13307\OneDrive - RMIT University\tridt\teaching\FurtherProgramming-COSC2440\2023A\cosc2440-2023-s1\w03\target\test-classes;c:\Users\v13307\OneDrive - RMIT University\tridt\teaching\FurtherProgramming-COSC2440\2023A\cosc2440-2023-s1\w03\target\classes;C:\Users\v13307\.m2\repository\org\junit\jupiter\junit-jupiter-engine\5.9.2\junit-jupiter-engine-5.9.2.jar;C:\Users\v13307\.m2\repository\org\junit\platform\junit-platform-engine\1.9.2\junit-platform-engine-1.9.2.jar;C:\Users\v13307\.m2\repository\org\apiguardian\apiguardian-api\1.1.2\apiguardian-api-1.1.2.jar;C:\Users\v13307\.m2\repository\org\junit\jupiter\junit-jupiter-api\5.9.2\junit-jupiter-api-5.9.2.jar;C:\Users\v13307\.m2\repository\org\opentest4j\opentest4j\1.2.0\opentest4j-1.2.0.jar;C:\Users\v13307\.m2\repository\org\junit\platform\junit-platform-commons\1.9.2\junit-platform-commons-1.9.2.jar;"/>
    <property name="java.vm.vendor" value="Oracle Corporation"/>
    <property name="sun.arch.data.model" value="64"/>
    <property name="user.variant" value=""/>
    <property name="java.vendor.url" value="https://java.oracle.com/"/>
    <property name="user.timezone" value="Asia/Bangkok"/>
    <property name="os.name" value="Windows 10"/>
    <property name="java.vm.specification.version" value="16"/>
    <property name="sun.java.launcher" value="SUN_STANDARD"/>
    <property name="user.country" value="US"/>
    <property name="sun.boot.library.path" value="C:\Users\v13307\.jdks\openjdk-16.0.1\bin"/>
    <property name="sun.java.command" value="C:\Users\v13307\AppData\Local\Temp\surefire9704462547321431052\surefirebooter3465509341119314410.jar C:\Users\v13307\AppData\Local\Temp\surefire9704462547321431052 2023-03-22T12-00-53_080-jvmRun1 surefire10016524192664384632tmp surefire_013726676892539801961tmp"/>
    <property name="jdk.debug" value="release"/>
    <property name="surefire.test.class.path" value="c:\Users\v13307\OneDrive - RMIT University\tridt\teaching\FurtherProgramming-COSC2440\2023A\cosc2440-2023-s1\w03\target\test-classes;c:\Users\v13307\OneDrive - RMIT University\tridt\teaching\FurtherProgramming-COSC2440\2023A\cosc2440-2023-s1\w03\target\classes;C:\Users\v13307\.m2\repository\org\junit\jupiter\junit-jupiter-engine\5.9.2\junit-jupiter-engine-5.9.2.jar;C:\Users\v13307\.m2\repository\org\junit\platform\junit-platform-engine\1.9.2\junit-platform-engine-1.9.2.jar;C:\Users\v13307\.m2\repository\org\apiguardian\apiguardian-api\1.1.2\apiguardian-api-1.1.2.jar;C:\Users\v13307\.m2\repository\org\junit\jupiter\junit-jupiter-api\5.9.2\junit-jupiter-api-5.9.2.jar;C:\Users\v13307\.m2\repository\org\opentest4j\opentest4j\1.2.0\opentest4j-1.2.0.jar;C:\Users\v13307\.m2\repository\org\junit\platform\junit-platform-commons\1.9.2\junit-platform-commons-1.9.2.jar;"/>
    <property name="sun.cpu.endian" value="little"/>
    <property name="user.home" value="C:\Users\v13307"/>
    <property name="user.language" value="en"/>
    <property name="java.specification.vendor" value="Oracle Corporation"/>
    <property name="java.version.date" value="2021-04-20"/>
    <property name="java.home" value="C:\Users\v13307\.jdks\openjdk-16.0.1"/>
    <property name="file.separator" value="\"/>
    <property name="basedir" value="c:\Users\v13307\OneDrive - RMIT University\tridt\teaching\FurtherProgramming-COSC2440\2023A\cosc2440-2023-s1\w03"/>
    <property name="java.vm.compressedOopsMode" value="32-bit"/>
    <property name="line.separator" value="&#10;"/>
    <property name="java.vm.specification.vendor" value="Oracle Corporation"/>
    <property name="java.specification.name" value="Java Platform API Specification"/>
    <property name="surefire.real.class.path" value="C:\Users\v13307\AppData\Local\Temp\surefire9704462547321431052\surefirebooter3465509341119314410.jar"/>
    <property name="user.script" value=""/>
    <property name="sun.management.compiler" value="HotSpot 64-Bit Tiered Compilers"/>
    <property name="java.runtime.version" value="16.0.1+9-24"/>
    <property name="user.name" value="v13307"/>
    <property name="path.separator" value=";"/>
    <property name="os.version" value="10.0"/>
    <property name="java.runtime.name" value="OpenJDK Runtime Environment"/>
    <property name="file.encoding" value="Cp1252"/>
    <property name="java.vm.name" value="OpenJDK 64-Bit Server VM"/>
    <property name="localRepository" value="C:\Users\v13307\.m2\repository"/>
    <property name="java.vendor.url.bug" value="https://bugreport.java.com/bugreport/"/>
    <property name="java.io.tmpdir" value="C:\Users\v13307\AppData\Local\Temp\"/>
    <property name="java.version" value="16.0.1"/>
    <property name="user.dir" value="c:\Users\v13307\OneDrive - RMIT University\tridt\teaching\FurtherProgramming-COSC2440\2023A\cosc2440-2023-s1\w03"/>
    <property name="os.arch" value="amd64"/>
    <property name="java.vm.specification.name" value="Java Virtual Machine Specification"/>
    <property name="sun.os.patch.level" value=""/>
    <property name="java.library.path" value="C:\Users\v13307\.jdks\openjdk-16.0.1\bin;C:\WINDOWS\Sun\Java\bin;C:\WINDOWS\system32;C:\WINDOWS;C:\WINDOWS\system32;C:\WINDOWS;C:\WINDOWS\System32\Wbem;C:\WINDOWS\System32\WindowsPowerShell\v1.0\;C:\WINDOWS\System32\OpenSSH\;C:\Program Files\nodejs\;C:\ProgramData\chocolatey\bin;C:\Program Files\Git\cmd;C:\ProgramData\ComposerSetup\bin;C:\Users\v13307\.jdks\openjdk-16.0.1\bin;C:\Users\v13307\AppData\Local\Programs\Python\Python39\;C:\Users\v13307\AppData\Local\Programs\Python\Launcher\;C:\Users\v13307\AppData\Local\Microsoft\WindowsApps;C:\Users\v13307\AppData\Roaming\npm;C:\Users\v13307\rmit\php8\php8.1.5\php-8.1.5-nts-Win32-vs16-x64;C:\Users\v13307\rmit\php8\php-8.0.5-nts-Win32-vs16-x64;C:\Users\v13307\AppData\Local\Programs\Microsoft VS Code\bin;C:\wamp64\bin\php\php7.4.9;C:\Program Files\7-Zip;C:\Program Files\JetBrains\IntelliJ IDEA Community Edition 2021.1.2\bin;;C:\wamp64\bin\mysql\mysql8.0.21\bin;C:\Users\v13307\AppData\Roaming\Composer\vendor\bin;C:\Users\v13307\AppData\Local\Programs\mongosh\;C:\cygwin64\bin;C:\Users\v13307\AppData\Local\Programs\Python\Python39\Scripts;C:\Users\v13307\rmit\apache-maven-4.0.0-alpha-4\bin;;."/>
    <property name="java.vm.info" value="mixed mode, sharing"/>
    <property name="java.vendor" value="Oracle Corporation"/>
    <property name="java.vm.version" value="16.0.1+9-24"/>
    <property name="sun.io.unicode.encoding" value="UnicodeLittle"/>
    <property name="java.class.version" value="60.0"/>
  </properties>
  <testcase name="canSetProfileForFullTimeStudent" classname="edu.vn.rmit.problem4.CanJoinProjectTest" time="0"/>
  <testcase name="canSetProfileForLecturer" classname="edu.vn.rmit.problem4.CanJoinProjectTest" time="0"/>
</testsuite>